*** Using Compiler 'V5.06 update 7 (build 960)', folder: 'D:\Keil_v5\ARM\ARMCC\Bin'
Build target 'R9V1'
compiling getadcdata.c...
compiling common.c...
compiling main.c...
..\..\Drivers\./BSP/Exception_handling/exception_handling.h(16): warning:  #1-D: last line of file ends without a newline
  #endif
..\..\User\main.c: 1 warning, 0 errors
compiling API_Schedule.c...
..\..\Drivers\./BSP/Exception_handling/exception_handling.h(16): warning:  #1-D: last line of file ends without a newline
  #endif
..\..\Drivers\BSP\API_Schedule.c: 1 warning, 0 errors
compiling task.c...
..\..\Drivers\./BSP/Exception_handling/exception_handling.h(16): warning:  #1-D: last line of file ends without a newline
  #endif
..\..\Drivers\BSP\task.c(168): warning:  #1-D: last line of file ends without a newline
  }
..\..\Drivers\BSP\task.c: 2 warnings, 0 errors
compiling WheelSpeedMap.c...
..\..\Drivers\BSP\R9\WheelSpeedMap.c(975): warning:  #1035-D: single-precision operand implicitly converted to double-precision
  	 power=(0.0-spta->flexible)*power;
..\..\Drivers\BSP\R9\WheelSpeedMap.c(991): warning:  #1-D: last line of file ends without a newline
  #endif
..\..\Drivers\BSP\R9\WheelSpeedMap.c: 2 warnings, 0 errors
linking...
Program Size: Code=46992 RO-data=5416 RW-data=316 ZI-data=13772  
FromELF: creating hex file...
"..\..\Output\atk_f407.axf" - 0 Error(s), 6 Warning(s).
Build Time Elapsed:  00:00:04
