*** Using Compiler 'V5.06 update 6 (build 750)', folder: 'C:\Keil_v5\ARM\ARMCC\Bin'
Rebuild target 'R9V1'
assembling startup_stm32f407xx.s...
compiling system_stm32f4xx.c...
compiling delay.c...
compiling stm32f4xx_it.c...
compiling key.c...
..\..\Drivers\BSP\KEY\key.c(34): warning:  #177-D: variable "gpioB_init_struct"  was declared but never referenced
      GPIO_InitTypeDef gpioB_init_struct;                          /* GPIO配置参数存储变量 */
..\..\Drivers\BSP\KEY\key.c(35): warning:  #177-D: variable "gpioG_init_struct"  was declared but never referenced
      GPIO_InitTypeDef gpioG_init_struct;                          /* GPIO配置参数存储变量 */
..\..\Drivers\BSP\KEY\key.c(138): warning:  #940-D: missing return statement at end of non-void function "key_scan1" 
  }
..\..\Drivers\BSP\KEY\key.c(157): warning:  #940-D: missing return statement at end of non-void function "key_scan2" 
  }
..\..\Drivers\BSP\KEY\key.c(175): warning:  #940-D: missing return statement at end of non-void function "key_scan3" 
  }
..\..\Drivers\BSP\KEY\key.c(194): warning:  #940-D: missing return statement at end of non-void function "key_scan4" 
  }
..\..\Drivers\BSP\KEY\key.c(212): warning:  #940-D: missing return statement at end of non-void function "key_scan5" 
  }
..\..\Drivers\BSP\KEY\key.c(320): warning:  #1-D: last line of file ends without a newline
  //}
..\..\Drivers\BSP\KEY\key.c: 8 warnings, 0 errors
compiling underpanControl.c...
compiling sys.c...
compiling usart.c...
compiling moterdriver.c...
..\..\Drivers\BSP\R9\moterdriver.c(445): warning:  #1035-D: single-precision operand implicitly converted to double-precision
          T1_IN2 = 200 * (1.0 -acctemp);	
..\..\Drivers\BSP\R9\moterdriver.c(447): warning:  #1035-D: single-precision operand implicitly converted to double-precision
          T2_IN2 = 200 * (1.0 - SEAT_LIFTDROPRATIO*acctemp);	
..\..\Drivers\BSP\R9\moterdriver.c(463): warning:  #1035-D: single-precision operand implicitly converted to double-precision
          T1_IN1 = 200 * (1.0 - acctemp);
..\..\Drivers\BSP\R9\moterdriver.c(465): warning:  #1035-D: single-precision operand implicitly converted to double-precision
          T2_IN1 = 200 * (1.0 - SEAT_LIFTDROPRATIO*acctemp);
..\..\Drivers\BSP\R9\moterdriver.c(509): warning:  #1035-D: single-precision operand implicitly converted to double-precision
          T3_IN1 = 200 * (1.0 - acctemp);	
..\..\Drivers\BSP\R9\moterdriver.c(526): warning:  #1035-D: single-precision operand implicitly converted to double-precision
          T3_IN2 = 200 * (1.0 - acctemp);
..\..\Drivers\BSP\R9\moterdriver.c(566): warning:  #1035-D: single-precision operand implicitly converted to double-precision
          T2_IN2 = 200 * (1.0 - acctemp);	
..\..\Drivers\BSP\R9\moterdriver.c(583): warning:  #1035-D: single-precision operand implicitly converted to double-precision
          T2_IN1 = 200 * (1.0 - acctemp);
..\..\Drivers\BSP\R9\moterdriver.c(621): warning:  #1035-D: single-precision operand implicitly converted to double-precision
          T1_IN2 = 200 * (1.0 - acctemp);	
..\..\Drivers\BSP\R9\moterdriver.c(638): warning:  #1035-D: single-precision operand implicitly converted to double-precision
          T1_IN1 = 200 * (1.0 - acctemp);
..\..\Drivers\BSP\R9\moterdriver.c(678): warning:  #1035-D: single-precision operand implicitly converted to double-precision
          T4_IN2 = 100 * (1.0 - acctemp);	
..\..\Drivers\BSP\R9\moterdriver.c(680): warning:  #1035-D: single-precision operand implicitly converted to double-precision
          T5_IN2 = 100 * (1.0 - acctemp);	
..\..\Drivers\BSP\R9\moterdriver.c(696): warning:  #1035-D: single-precision operand implicitly converted to double-precision
          T4_IN1 = 100 * (1.0 - acctemp);
..\..\Drivers\BSP\R9\moterdriver.c(698): warning:  #1035-D: single-precision operand implicitly converted to double-precision
          T5_IN1 = 100 * (1.0 - acctemp);
..\..\Drivers\BSP\R9\moterdriver.c(726): warning:  #174-D: expression has no effect
      NONE;
..\..\Drivers\BSP\R9\moterdriver.c(727): warning:  #1-D: last line of file ends without a newline
  }
..\..\Drivers\BSP\R9\moterdriver.c(724): warning:  #177-D: variable "acctemp"  was declared but never referenced
      static float acctemp=0,acct=0;
..\..\Drivers\BSP\R9\moterdriver.c(724): warning:  #177-D: variable "acct"  was declared but never referenced
      static float acctemp=0,acct=0;
..\..\Drivers\BSP\R9\moterdriver.c(725): warning:  #177-D: variable "accdoneflage"  was declared but never referenced
      static uint8_t accdoneflage=0;
..\..\Drivers\BSP\R9\moterdriver.c: 19 warnings, 0 errors
compiling adc.c...
..\..\Drivers\BSP\ADC\adc.c(282): warning:  #1-D: last line of file ends without a newline
  }
..\..\Drivers\BSP\ADC\adc.c: 1 warning, 0 errors
compiling led.c...
compiling main.c...
..\..\Drivers\./BSP/R9/mlx90393.h(135): warning:  #1-D: last line of file ends without a newline
  #endif
..\..\User\main.c: 1 warning, 0 errors
compiling btim.c...
compiling common.c...
compiling brake.c...
compiling overcurrent_protection.c...
..\..\Drivers\BSP\R9\overcurrent_protection.c(50): warning:  #1-D: last line of file ends without a newline
  }
..\..\Drivers\BSP\R9\overcurrent_protection.c: 1 warning, 0 errors
compiling getadcdata.c...
..\..\Drivers\BSP\R9\getadcdata.c(63): warning:  #177-D: variable "temp"  was declared but never referenced
      float temp;
..\..\Drivers\BSP\R9\getadcdata.c: 1 warning, 0 errors
compiling rs485.c...
compiling mpu6050.c...
compiling task.c...
..\..\Drivers\./BSP/R9/mlx90393.h(135): warning:  #1-D: last line of file ends without a newline
  #endif
..\..\Drivers\BSP\task.c(219): warning:  #1-D: last line of file ends without a newline
  	
..\..\Drivers\BSP\task.c: 2 warnings, 0 errors
compiling stmflash.c...
..\..\Drivers\./BSP/R9/stmflash.h(70): warning:  #1-D: last line of file ends without a newline
       
..\..\Drivers\BSP\R9\stmflash.c: 1 warning, 0 errors
compiling API_Schedule.c...
..\..\Drivers\./BSP/R9/mlx90393.h(135): warning:  #1-D: last line of file ends without a newline
  #endif
..\..\Drivers\BSP\API_Schedule.c: 1 warning, 0 errors
compiling myiic.c...
..\..\Drivers\BSP\R9\myiic.c(143): warning:  #1-D: last line of file ends without a newline
  }
..\..\Drivers\BSP\R9\myiic.c: 1 warning, 0 errors
compiling inv_mpu.c...
compiling wdg.c...
compiling Slavemodbus.c...
compiling stm32f4xx_hal_cec.c...
compiling Hostmodbus.c...
compiling stm32f4xx_hal.c...
compiling WheelSpeedMap.c...
..\..\Drivers\BSP\R9\WheelSpeedMap.c(286): warning:  #1035-D: single-precision operand implicitly converted to double-precision
  	 power=(0.0-spta->flexible)*power;
..\..\Drivers\BSP\R9\WheelSpeedMap.c: 1 warning, 0 errors
compiling stm32f4xx_hal_cortex.c...
compiling stm32f4xx_hal_adc_ex.c...
compiling inv_mpu_dmp_motion_driver.c...
compiling stm32f4xx_hal_can.c...
compiling stm32f4xx_hal_adc.c...
compiling stm32f4xx_hal_crc.c...
compiling stm32f4xx_hal_cryp.c...
compiling stm32f4xx_hal_cryp_ex.c...
compiling stm32f4xx_hal_dcmi_ex.c...
compiling stm32f4xx_hal_dac.c...
compiling stm32f4xx_hal_dfsdm.c...
compiling stm32f4xx_hal_dcmi.c...
compiling stm32f4xx_hal_dma2d.c...
compiling stm32f4xx_hal_dma.c...
compiling stm32f4xx_hal_dac_ex.c...
compiling stm32f4xx_hal_dma_ex.c...
compiling stm32f4xx_hal_dsi.c...
compiling stm32f4xx_hal_eth.c...
compiling stm32f4xx_hal_exti.c...
compiling stm32f4xx_hal_fmpi2c.c...
compiling stm32f4xx_hal_flash_ramfunc.c...
compiling stm32f4xx_hal_flash.c...
compiling stm32f4xx_hal_fmpi2c_ex.c...
compiling stm32f4xx_hal_fmpsmbus.c...
compiling stm32f4xx_hal_fmpsmbus_ex.c...
compiling stm32f4xx_hal_flash_ex.c...
compiling stm32f4xx_hal_gpio.c...
compiling stm32f4xx_hal_hash.c...
compiling stm32f4xx_hal_hash_ex.c...
compiling stm32f4xx_hal_i2c_ex.c...
compiling stm32f4xx_hal_iwdg.c...
compiling stm32f4xx_hal_lptim.c...
compiling stm32f4xx_hal_ltdc.c...
compiling stm32f4xx_hal_ltdc_ex.c...
compiling stm32f4xx_hal_irda.c...
compiling stm32f4xx_hal_i2s.c...
compiling stm32f4xx_hal_i2s_ex.c...
compiling stm32f4xx_hal_i2c.c...
compiling stm32f4xx_hal_mmc.c...
compiling stm32f4xx_hal_msp_template.c...
compiling stm32f4xx_hal_pwr.c...
compiling stm32f4xx_hal_pwr_ex.c...
compiling stm32f4xx_hal_qspi.c...
compiling stm32f4xx_hal_rng.c...
compiling stm32f4xx_hal_rtc.c...
compiling stm32f4xx_hal_rtc_ex.c...
compiling stm32f4xx_hal_rcc_ex.c...
compiling stm32f4xx_hal_rcc.c...
compiling stm32f4xx_hal_uart.c...
compiling stm32f4xx_hal_usart.c...
compiling stm32f4xx_hal_wwdg.c...
compiling stm32f4xx_hal_sram.c...
compiling stm32f4xx_ll_fsmc.c...
compiling stm32f4xx_hal_tim_ex.c...
compiling stm32f4xx_hal_tim.c...
linking...
Program Size: Code=48212 RO-data=4916 RW-data=808 ZI-data=13384  
FromELF: creating hex file...
"..\..\Output\atk_f407.axf" - 0 Error(s), 37 Warning(s).
Build Time Elapsed:  00:01:57
